2026-03-20 21:25:02,812  INFO      Sorting clips — 14 unsorted file(s) found in root...
2026-03-20 21:25:02,813  DEBUG       Moving: JEFF THE LAND SHARK_2025-12-29_22-29-41.mp4 → JEFF_THE_LAND_SHARK/
2026-03-20 21:25:02,814  DEBUG       Moving: SQUIRREL GIRL_2026-03-13_21-51-02.mp4 → SQUIRREL_GIRL/
2026-03-20 21:25:02,814  DEBUG       Moving: SQUIRREL GIRL_2026-03-17_20-17-05.mp4 → SQUIRREL_GIRL/
2026-03-20 21:25:02,815  DEBUG       Moving: SQUIRREL GIRL_2026-03-17_22-18-18.mp4 → SQUIRREL_GIRL/
2026-03-20 21:25:02,815  DEBUG       Moving: SQUIRREL GIRL_2026-03-18_22-01-43.mp4 → SQUIRREL_GIRL/
2026-03-20 21:25:02,816  DEBUG       Moving: THOR_2026-03-13_21-48-06.mp4 → THOR/
2026-03-20 21:25:02,817  DEBUG       Moving: THOR_2026-03-16_22-16-54.mp4 → THOR/
2026-03-20 21:25:02,818  DEBUG       Moving: THOR_2026-03-16_22-18-00.mp4 → THOR/
2026-03-20 21:25:02,818  DEBUG       Moving: THOR_2026-03-17_19-27-03.mp4 → THOR/
2026-03-20 21:25:02,819  DEBUG       Moving: THOR_2026-03-17_20-17-50.mp4 → THOR/
2026-03-20 21:25:02,819  DEBUG       Moving: THOR_2026-03-17_22-19-05.mp4 → THOR/
2026-03-20 21:25:02,820  DEBUG       Moving: THOR_2026-03-17_22-20-29.mp4 → THOR/
2026-03-20 21:25:02,820  DEBUG       Moving: THOR_2026-03-17_22-21-42.mp4 → THOR/
2026-03-20 21:25:02,821  DEBUG       Moving: THOR_2026-03-17_22-23-09.mp4 → THOR/
2026-03-20 21:25:02,821  INFO      Sorting clips — 14 file(s) moved.
2026-03-20 21:25:02,822  INFO      Scanning clips...
2026-03-20 21:25:03,128  DEBUG       DOCTOR_STRANGE: 3 clips, 1m 16s
2026-03-20 21:25:03,128  DEBUG       JEFF_THE_LAND_SHARK: 1 clips, 0m 16s
2026-03-20 21:25:03,128  DEBUG       SQUIRREL_GIRL: 11 clips, 5m 2s
2026-03-20 21:25:03,128  DEBUG       THOR: 9 clips, 4m 42s
2026-03-20 21:25:03,128  DEBUG     Menu item 1: DOCTOR_STRANGE — 3 clips, 1m 16s
2026-03-20 21:25:03,128  DEBUG     Menu item 2: JEFF_THE_LAND_SHARK — 1 clips, 0m 16s
2026-03-20 21:25:03,129  DEBUG     Menu item 3: SQUIRREL_GIRL — 11 clips, 5m 2s
2026-03-20 21:25:03,129  DEBUG     Menu item 4: THOR — 9 clips, 4m 42s
